# JRE version: Java(TM) SE Runtime Environment (9.0+11) (build 9.0.4+11)
# Java VM: Java HotSpot(TM) 64-Bit Server VM (9.0.4+11, mixed mode, tiered, compressed oops, g1 gc, bsd-amd64)
Heap:
 garbage-first heap   total 262144K, used 45014K [0x00000006c0000000, 0x00000006c0100800, 0x00000007c0000000)
  region size 1024K, 31 young (31744K), 4 survivors (4096K)
 Metaspace       used 22265K, capacity 23309K, committed 23628K, reserved 1071104K
  class space    used 2111K, capacity 2324K, committed 2380K, reserved 1048576K
GC Heap History (10 events):
Event: 3.295 GC heap before
{Heap before GC invocations=2 (full 0):
 garbage-first heap   total 262144K, used 10862K [0x00000006c0000000, 0x00000006c0100800, 0x00000007c0000000)
  region size 1024K, 7 young (7168K), 2 survivors (2048K)
 Metaspace       used 20229K, capacity 21223K, committed 21296K, reserved 1069056K
  class space    used 1945K, capacity 2161K, committed 2176K, reserved 1048576K
}
Event: 3.297 GC heap after
{Heap after GC invocations=3 (full 0):
 garbage-first heap   total 262144K, used 5273K [0x00000006c0000000, 0x00000006c0100800, 0x00000007c0000000)
  region size 1024K, 2 young (2048K), 2 survivors (2048K)
 Metaspace       used 20229K, capacity 21223K, committed 21296K, reserved 1069056K
  class space    used 1945K, capacity 2161K, committed 2176K, reserved 1048576K
}
Event: 4.843 GC heap before
{Heap before GC invocations=4 (full 0):
 garbage-first heap   total 262144K, used 72857K [0x00000006c0000000, 0x00000006c0100800, 0x00000007c0000000)
  region size 1024K, 56 young (57344K), 2 survivors (2048K)
 Metaspace       used 21653K, capacity 22731K, committed 22860K, reserved 1069056K
  class space    used 2093K, capacity 2323K, committed 2380K, reserved 1048576K
}
Event: 4.851 GC heap after
{Heap after GC invocations=5 (full 0):
 garbage-first heap   total 262144K, used 18653K [0x00000006c0000000, 0x00000006c0100800, 0x00000007c0000000)
  region size 1024K, 4 young (4096K), 4 survivors (4096K)
 Metaspace       used 21653K, capacity 22731K, committed 22860K, reserved 1069056K
  class space    used 2093K, capacity 2323K, committed 2380K, reserved 1048576K
}
Event: 7.813 GC heap before
{Heap before GC invocations=5 (full 0):
 garbage-first heap   total 262144K, used 171229K [0x00000006c0000000, 0x00000006c0100800, 0x00000007c0000000)
  region size 1024K, 153 young (156672K), 4 survivors (4096K)
 Metaspace       used 21908K, capacity 22987K, committed 23116K, reserved 1071104K
  class space    used 2095K, capacity 2323K, committed 2380K, reserved 1048576K
}
Event: 7.818 GC heap after
{Heap after GC invocations=6 (full 0):
 garbage-first heap   total 262144K, used 18517K [0x00000006c0000000, 0x00000006c0100800, 0x00000007c0000000)
  region size 1024K, 4 young (4096K), 4 survivors (4096K)
 Metaspace       used 21908K, capacity 22987K, committed 23116K, reserved 1071104K
  class space    used 2095K, capacity 2323K, committed 2380K, reserved 1048576K
}
Event: 10.816 GC heap before
{Heap before GC invocations=6 (full 0):
 garbage-first heap   total 262144K, used 171093K [0x00000006c0000000, 0x00000006c0100800, 0x00000007c0000000)
  region size 1024K, 153 young (156672K), 4 survivors (4096K)
 Metaspace       used 22107K, capacity 23179K, committed 23372K, reserved 1071104K
  class space    used 2095K, capacity 2323K, committed 2380K, reserved 1048576K
}
Event: 10.821 GC heap after
{Heap after GC invocations=7 (full 0):
 garbage-first heap   total 262144K, used 18598K [0x00000006c0000000, 0x00000006c0100800, 0x00000007c0000000)
  region size 1024K, 4 young (4096K), 4 survivors (4096K)
 Metaspace       used 22107K, capacity 23179K, committed 23372K, reserved 1071104K
  class space    used 2095K, capacity 2323K, committed 2380K, reserved 1048576K
}
Event: 13.800 GC heap before
{Heap before GC invocations=7 (full 0):
 garbage-first heap   total 262144K, used 171174K [0x00000006c0000000, 0x00000006c0100800, 0x00000007c0000000)
  region size 1024K, 153 young (156672K), 4 survivors (4096K)
 Metaspace       used 22176K, capacity 23243K, committed 23372K, reserved 1071104K
  class space    used 2095K, capacity 2323K, committed 2380K, reserved 1048576K
}
Event: 13.805 GC heap after
{Heap after GC invocations=8 (full 0):
 garbage-first heap   total 262144K, used 18390K [0x00000006c0000000, 0x00000006c0100800, 0x00000007c0000000)
  region size 1024K, 4 young (4096K), 4 survivors (4096K)
 Metaspace       used 22176K, capacity 23243K, committed 23372K, reserved 1071104K
  class space    used 2095K, capacity 2323K, committed 2380K, reserved 1048576K
}

