# JRE version: Java(TM) SE Runtime Environment (9.0+11) (build 9.0.4+11)
# Java VM: Java HotSpot(TM) 64-Bit Server VM (9.0.4+11, mixed mode, tiered, compressed oops, g1 gc, bsd-amd64)
Heap:
 garbage-first heap   total 262144K, used 156781K [0x00000006c0000000, 0x00000006c0100800, 0x00000007c0000000)
  region size 1024K, 140 young (143360K), 4 survivors (4096K)
 Metaspace       used 22311K, capacity 23357K, committed 23628K, reserved 1071104K
  class space    used 2110K, capacity 2324K, committed 2380K, reserved 1048576K
GC Heap History (10 events):
Event: 1.774 GC heap before
{Heap before GC invocations=0 (full 0):
 garbage-first heap   total 262144K, used 14336K [0x00000006c0000000, 0x00000006c0100800, 0x00000007c0000000)
  region size 1024K, 14 young (14336K), 0 survivors (0K)
 Metaspace       used 14018K, capacity 14982K, committed 15104K, reserved 1062912K
  class space    used 1505K, capacity 1722K, committed 1792K, reserved 1048576K
}
Event: 1.782 GC heap after
{Heap after GC invocations=1 (full 0):
 garbage-first heap   total 262144K, used 3699K [0x00000006c0000000, 0x00000006c0100800, 0x00000007c0000000)
  region size 1024K, 2 young (2048K), 2 survivors (2048K)
 Metaspace       used 14018K, capacity 14982K, committed 15104K, reserved 1062912K
  class space    used 1505K, capacity 1722K, committed 1792K, reserved 1048576K
}
Event: 1.968 GC heap before
{Heap before GC invocations=1 (full 0):
 garbage-first heap   total 262144K, used 13939K [0x00000006c0000000, 0x00000006c0100800, 0x00000007c0000000)
  region size 1024K, 12 young (12288K), 2 survivors (2048K)
 Metaspace       used 17432K, capacity 18526K, committed 18688K, reserved 1067008K
  class space    used 1796K, capacity 2040K, committed 2048K, reserved 1048576K
}
Event: 1.974 GC heap after
{Heap after GC invocations=2 (full 0):
 garbage-first heap   total 262144K, used 5741K [0x00000006c0000000, 0x00000006c0100800, 0x00000007c0000000)
  region size 1024K, 2 young (2048K), 2 survivors (2048K)
 Metaspace       used 17432K, capacity 18526K, committed 18688K, reserved 1067008K
  class space    used 1796K, capacity 2040K, committed 2048K, reserved 1048576K
}
Event: 2.117 GC heap before
{Heap before GC invocations=2 (full 0):
 garbage-first heap   total 262144K, used 10861K [0x00000006c0000000, 0x00000006c0100800, 0x00000007c0000000)
  region size 1024K, 7 young (7168K), 2 survivors (2048K)
 Metaspace       used 20227K, capacity 21271K, committed 21296K, reserved 1069056K
  class space    used 1948K, capacity 2161K, committed 2176K, reserved 1048576K
}
Event: 2.118 GC heap after
{Heap after GC invocations=3 (full 0):
 garbage-first heap   total 262144K, used 5137K [0x00000006c0000000, 0x00000006c0100800, 0x00000007c0000000)
  region size 1024K, 2 young (2048K), 2 survivors (2048K)
 Metaspace       used 20227K, capacity 21271K, committed 21296K, reserved 1069056K
  class space    used 1948K, capacity 2161K, committed 2176K, reserved 1048576K
}
Event: 3.663 GC heap before
{Heap before GC invocations=4 (full 0):
 garbage-first heap   total 262144K, used 71697K [0x00000006c0000000, 0x00000006c0100800, 0x00000007c0000000)
  region size 1024K, 55 young (56320K), 2 survivors (2048K)
 Metaspace       used 21677K, capacity 22715K, committed 22780K, reserved 1069056K
  class space    used 2094K, capacity 2323K, committed 2380K, reserved 1048576K
}
Event: 3.667 GC heap after
{Heap after GC invocations=5 (full 0):
 garbage-first heap   total 262144K, used 18674K [0x00000006c0000000, 0x00000006c0100800, 0x00000007c0000000)
  region size 1024K, 4 young (4096K), 4 survivors (4096K)
 Metaspace       used 21677K, capacity 22715K, committed 22780K, reserved 1069056K
  class space    used 2094K, capacity 2323K, committed 2380K, reserved 1048576K
}
Event: 6.638 GC heap before
{Heap before GC invocations=5 (full 0):
 garbage-first heap   total 262144K, used 171250K [0x00000006c0000000, 0x00000006c0100800, 0x00000007c0000000)
  region size 1024K, 153 young (156672K), 4 survivors (4096K)
 Metaspace       used 22017K, capacity 23035K, committed 23116K, reserved 1071104K
  class space    used 2094K, capacity 2323K, committed 2380K, reserved 1048576K
}
Event: 6.642 GC heap after
{Heap after GC invocations=6 (full 0):
 garbage-first heap   total 262144K, used 18541K [0x00000006c0000000, 0x00000006c0100800, 0x00000007c0000000)
  region size 1024K, 4 young (4096K), 4 survivors (4096K)
 Metaspace       used 22017K, capacity 23035K, committed 23116K, reserved 1071104K
  class space    used 2094K, capacity 2323K, committed 2380K, reserved 1048576K
}

