# JRE version: Java(TM) SE Runtime Environment (9.0+11) (build 9.0.4+11)
# Java VM: Java HotSpot(TM) 64-Bit Server VM (9.0.4+11, mixed mode, tiered, compressed oops, g1 gc, bsd-amd64)
Heap:
 garbage-first heap   total 262144K, used 13340K [0x00000006c0000000, 0x00000006c0100800, 0x00000007c0000000)
  region size 1024K, 8 young (8192K), 2 survivors (2048K)
 Metaspace       used 21492K, capacity 22601K, committed 22832K, reserved 1069056K
  class space    used 2088K, capacity 2322K, committed 2432K, reserved 1048576K
GC Heap History (6 events):
Event: 1.795 GC heap before
{Heap before GC invocations=0 (full 0):
 garbage-first heap   total 262144K, used 14336K [0x00000006c0000000, 0x00000006c0100800, 0x00000007c0000000)
  region size 1024K, 14 young (14336K), 0 survivors (0K)
 Metaspace       used 14062K, capacity 15062K, committed 15360K, reserved 1062912K
  class space    used 1507K, capacity 1722K, committed 1792K, reserved 1048576K
}
Event: 1.805 GC heap after
{Heap after GC invocations=1 (full 0):
 garbage-first heap   total 262144K, used 3634K [0x00000006c0000000, 0x00000006c0100800, 0x00000007c0000000)
  region size 1024K, 2 young (2048K), 2 survivors (2048K)
 Metaspace       used 14062K, capacity 15062K, committed 15360K, reserved 1062912K
  class space    used 1507K, capacity 1722K, committed 1792K, reserved 1048576K
}
Event: 1.976 GC heap before
{Heap before GC invocations=1 (full 0):
 garbage-first heap   total 262144K, used 13874K [0x00000006c0000000, 0x00000006c0100800, 0x00000007c0000000)
  region size 1024K, 12 young (12288K), 2 survivors (2048K)
 Metaspace       used 17425K, capacity 18478K, committed 18688K, reserved 1067008K
  class space    used 1794K, capacity 2040K, committed 2048K, reserved 1048576K
}
Event: 1.981 GC heap after
{Heap after GC invocations=2 (full 0):
 garbage-first heap   total 262144K, used 5657K [0x00000006c0000000, 0x00000006c0100800, 0x00000007c0000000)
  region size 1024K, 2 young (2048K), 2 survivors (2048K)
 Metaspace       used 17425K, capacity 18478K, committed 18688K, reserved 1067008K
  class space    used 1794K, capacity 2040K, committed 2048K, reserved 1048576K
}
Event: 2.105 GC heap before
{Heap before GC invocations=2 (full 0):
 garbage-first heap   total 262144K, used 10777K [0x00000006c0000000, 0x00000006c0100800, 0x00000007c0000000)
  region size 1024K, 7 young (7168K), 2 survivors (2048K)
 Metaspace       used 20214K, capacity 21217K, committed 21296K, reserved 1069056K
  class space    used 1944K, capacity 2160K, committed 2176K, reserved 1048576K
}
Event: 2.107 GC heap after
{Heap after GC invocations=3 (full 0):
 garbage-first heap   total 262144K, used 5148K [0x00000006c0000000, 0x00000006c0100800, 0x00000007c0000000)
  region size 1024K, 2 young (2048K), 2 survivors (2048K)
 Metaspace       used 20214K, capacity 21217K, committed 21296K, reserved 1069056K
  class space    used 1944K, capacity 2160K, committed 2176K, reserved 1048576K
}

