# JRE version: Java(TM) SE Runtime Environment (9.0+11) (build 9.0.4+11)
# Java VM: Java HotSpot(TM) 64-Bit Server VM (9.0.4+11, mixed mode, tiered, compressed oops, g1 gc, bsd-amd64)
Heap:
 garbage-first heap   total 262144K, used 22746K [0x00000006c0000000, 0x00000006c0100800, 0x00000007c0000000)
  region size 1024K, 9 young (9216K), 4 survivors (4096K)
 Metaspace       used 22151K, capacity 23181K, committed 23424K, reserved 1071104K
  class space    used 2105K, capacity 2324K, committed 2432K, reserved 1048576K
GC Heap History (10 events):
Event: 3.152 GC heap before
{Heap before GC invocations=1 (full 0):
 garbage-first heap   total 262144K, used 14059K [0x00000006c0000000, 0x00000006c0100800, 0x00000007c0000000)
  region size 1024K, 12 young (12288K), 2 survivors (2048K)
 Metaspace       used 17247K, capacity 18304K, committed 18432K, reserved 1064960K
  class space    used 1774K, capacity 2005K, committed 2048K, reserved 1048576K
}
Event: 3.157 GC heap after
{Heap after GC invocations=2 (full 0):
 garbage-first heap   total 262144K, used 5683K [0x00000006c0000000, 0x00000006c0100800, 0x00000007c0000000)
  region size 1024K, 2 young (2048K), 2 survivors (2048K)
 Metaspace       used 17247K, capacity 18304K, committed 18432K, reserved 1064960K
  class space    used 1774K, capacity 2005K, committed 2048K, reserved 1048576K
}
Event: 3.751 GC heap before
{Heap before GC invocations=2 (full 0):
 garbage-first heap   total 262144K, used 11827K [0x00000006c0000000, 0x00000006c0100800, 0x00000007c0000000)
  region size 1024K, 8 young (8192K), 2 survivors (2048K)
 Metaspace       used 20156K, capacity 21209K, committed 21296K, reserved 1069056K
  class space    used 1936K, capacity 2158K, committed 2176K, reserved 1048576K
}
Event: 3.753 GC heap after
{Heap after GC invocations=3 (full 0):
 garbage-first heap   total 262144K, used 5310K [0x00000006c0000000, 0x00000006c0100800, 0x00000007c0000000)
  region size 1024K, 2 young (2048K), 2 survivors (2048K)
 Metaspace       used 20156K, capacity 21209K, committed 21296K, reserved 1069056K
  class space    used 1936K, capacity 2158K, committed 2176K, reserved 1048576K
}
Event: 5.895 GC heap before
{Heap before GC invocations=4 (full 0):
 garbage-first heap   total 262144K, used 78014K [0x00000006c0000000, 0x00000006c0100800, 0x00000007c0000000)
  region size 1024K, 61 young (62464K), 2 survivors (2048K)
 Metaspace       used 21601K, capacity 22657K, committed 22832K, reserved 1069056K
  class space    used 2081K, capacity 2320K, committed 2432K, reserved 1048576K
}
Event: 5.898 GC heap after
{Heap after GC invocations=5 (full 0):
 garbage-first heap   total 262144K, used 18765K [0x00000006c0000000, 0x00000006c0100800, 0x00000007c0000000)
  region size 1024K, 4 young (4096K), 4 survivors (4096K)
 Metaspace       used 21601K, capacity 22657K, committed 22832K, reserved 1069056K
  class space    used 2081K, capacity 2320K, committed 2432K, reserved 1048576K
}
Event: 8.892 GC heap before
{Heap before GC invocations=5 (full 0):
 garbage-first heap   total 262144K, used 171341K [0x00000006c0000000, 0x00000006c0100800, 0x00000007c0000000)
  region size 1024K, 153 young (156672K), 4 survivors (4096K)
 Metaspace       used 21824K, capacity 22913K, committed 23168K, reserved 1071104K
  class space    used 2081K, capacity 2320K, committed 2432K, reserved 1048576K
}
Event: 8.896 GC heap after
{Heap after GC invocations=6 (full 0):
 garbage-first heap   total 262144K, used 18672K [0x00000006c0000000, 0x00000006c0100800, 0x00000007c0000000)
  region size 1024K, 4 young (4096K), 4 survivors (4096K)
 Metaspace       used 21824K, capacity 22913K, committed 23168K, reserved 1071104K
  class space    used 2081K, capacity 2320K, committed 2432K, reserved 1048576K
}
Event: 11.957 GC heap before
{Heap before GC invocations=6 (full 0):
 garbage-first heap   total 262144K, used 171248K [0x00000006c0000000, 0x00000006c0100800, 0x00000007c0000000)
  region size 1024K, 153 young (156672K), 4 survivors (4096K)
 Metaspace       used 22053K, capacity 23113K, committed 23424K, reserved 1071104K
  class space    used 2085K, capacity 2322K, committed 2432K, reserved 1048576K
}
Event: 11.964 GC heap after
{Heap after GC invocations=7 (full 0):
 garbage-first heap   total 262144K, used 18650K [0x00000006c0000000, 0x00000006c0100800, 0x00000007c0000000)
  region size 1024K, 4 young (4096K), 4 survivors (4096K)
 Metaspace       used 22053K, capacity 23113K, committed 23424K, reserved 1071104K
  class space    used 2085K, capacity 2322K, committed 2432K, reserved 1048576K
}

