# JRE version: Java(TM) SE Runtime Environment (9.0+11) (build 9.0.4+11)
# Java VM: Java HotSpot(TM) 64-Bit Server VM (9.0.4+11, mixed mode, tiered, compressed oops, g1 gc, bsd-amd64)
Heap:
 garbage-first heap   total 262144K, used 22572K [0x00000006c0000000, 0x00000006c0100800, 0x00000007c0000000)
  region size 1024K, 11 young (11264K), 2 survivors (2048K)
 Metaspace       used 21952K, capacity 23039K, committed 23168K, reserved 1071104K
  class space    used 2152K, capacity 2389K, committed 2432K, reserved 1048576K
GC Heap History (6 events):
Event: 3.521 GC heap before
{Heap before GC invocations=0 (full 0):
 garbage-first heap   total 262144K, used 14336K [0x00000006c0000000, 0x00000006c0100800, 0x00000007c0000000)
  region size 1024K, 14 young (14336K), 0 survivors (0K)
 Metaspace       used 14125K, capacity 15142K, committed 15360K, reserved 1062912K
  class space    used 1540K, capacity 1754K, committed 1792K, reserved 1048576K
}
Event: 3.529 GC heap after
{Heap after GC invocations=1 (full 0):
 garbage-first heap   total 262144K, used 3629K [0x00000006c0000000, 0x00000006c0100800, 0x00000007c0000000)
  region size 1024K, 2 young (2048K), 2 survivors (2048K)
 Metaspace       used 14125K, capacity 15142K, committed 15360K, reserved 1062912K
  class space    used 1540K, capacity 1754K, committed 1792K, reserved 1048576K
}
Event: 3.744 GC heap before
{Heap before GC invocations=1 (full 0):
 garbage-first heap   total 262144K, used 13869K [0x00000006c0000000, 0x00000006c0100800, 0x00000007c0000000)
  region size 1024K, 12 young (12288K), 2 survivors (2048K)
 Metaspace       used 17562K, capacity 18622K, committed 18816K, reserved 1067008K
  class space    used 1832K, capacity 2072K, committed 2176K, reserved 1048576K
}
Event: 3.753 GC heap after
{Heap after GC invocations=2 (full 0):
 garbage-first heap   total 262144K, used 5734K [0x00000006c0000000, 0x00000006c0100800, 0x00000007c0000000)
  region size 1024K, 2 young (2048K), 2 survivors (2048K)
 Metaspace       used 17562K, capacity 18622K, committed 18816K, reserved 1067008K
  class space    used 1832K, capacity 2072K, committed 2176K, reserved 1048576K
}
Event: 3.840 GC heap before
{Heap before GC invocations=2 (full 0):
 garbage-first heap   total 262144K, used 10854K [0x00000006c0000000, 0x00000006c0100800, 0x00000007c0000000)
  region size 1024K, 7 young (7168K), 2 survivors (2048K)
 Metaspace       used 20083K, capacity 21137K, committed 21296K, reserved 1069056K
  class space    used 1953K, capacity 2160K, committed 2176K, reserved 1048576K
}
Event: 3.843 GC heap after
{Heap after GC invocations=3 (full 0):
 garbage-first heap   total 262144K, used 5164K [0x00000006c0000000, 0x00000006c0100800, 0x00000007c0000000)
  region size 1024K, 2 young (2048K), 2 survivors (2048K)
 Metaspace       used 20083K, capacity 21137K, committed 21296K, reserved 1069056K
  class space    used 1953K, capacity 2160K, committed 2176K, reserved 1048576K
}

