# JRE version: Java(TM) SE Runtime Environment (9.0+11) (build 9.0.4+11)
# Java VM: Java HotSpot(TM) 64-Bit Server VM (9.0.4+11, mixed mode, tiered, compressed oops, g1 gc, bsd-amd64)
Heap:
 garbage-first heap   total 262144K, used 91670K [0x00000006c0000000, 0x00000006c0100800, 0x00000007c0000000)
  region size 1024K, 76 young (77824K), 4 survivors (4096K)
 Metaspace       used 21922K, capacity 22991K, committed 23372K, reserved 1071104K
  class space    used 2113K, capacity 2325K, committed 2380K, reserved 1048576K
GC Heap History (8 events):
Event: 3.273 GC heap before
{Heap before GC invocations=0 (full 0):
 garbage-first heap   total 262144K, used 14336K [0x00000006c0000000, 0x00000006c0100800, 0x00000007c0000000)
  region size 1024K, 14 young (14336K), 0 survivors (0K)
 Metaspace       used 14072K, capacity 15062K, committed 15360K, reserved 1062912K
  class space    used 1508K, capacity 1722K, committed 1792K, reserved 1048576K
}
Event: 3.281 GC heap after
{Heap after GC invocations=1 (full 0):
 garbage-first heap   total 262144K, used 3664K [0x00000006c0000000, 0x00000006c0100800, 0x00000007c0000000)
  region size 1024K, 2 young (2048K), 2 survivors (2048K)
 Metaspace       used 14072K, capacity 15062K, committed 15360K, reserved 1062912K
  class space    used 1508K, capacity 1722K, committed 1792K, reserved 1048576K
}
Event: 3.472 GC heap before
{Heap before GC invocations=1 (full 0):
 garbage-first heap   total 262144K, used 13904K [0x00000006c0000000, 0x00000006c0100800, 0x00000007c0000000)
  region size 1024K, 12 young (12288K), 2 survivors (2048K)
 Metaspace       used 17386K, capacity 18478K, committed 18688K, reserved 1067008K
  class space    used 1792K, capacity 2040K, committed 2048K, reserved 1048576K
}
Event: 3.480 GC heap after
{Heap after GC invocations=2 (full 0):
 garbage-first heap   total 262144K, used 5683K [0x00000006c0000000, 0x00000006c0100800, 0x00000007c0000000)
  region size 1024K, 2 young (2048K), 2 survivors (2048K)
 Metaspace       used 17386K, capacity 18478K, committed 18688K, reserved 1067008K
  class space    used 1792K, capacity 2040K, committed 2048K, reserved 1048576K
}
Event: 3.622 GC heap before
{Heap before GC invocations=2 (full 0):
 garbage-first heap   total 262144K, used 10803K [0x00000006c0000000, 0x00000006c0100800, 0x00000007c0000000)
  region size 1024K, 7 young (7168K), 2 survivors (2048K)
 Metaspace       used 20181K, capacity 21223K, committed 21296K, reserved 1069056K
  class space    used 1944K, capacity 2161K, committed 2176K, reserved 1048576K
}
Event: 3.625 GC heap after
{Heap after GC invocations=3 (full 0):
 garbage-first heap   total 262144K, used 5176K [0x00000006c0000000, 0x00000006c0100800, 0x00000007c0000000)
  region size 1024K, 2 young (2048K), 2 survivors (2048K)
 Metaspace       used 20181K, capacity 21223K, committed 21296K, reserved 1069056K
  class space    used 1944K, capacity 2161K, committed 2176K, reserved 1048576K
}
Event: 5.195 GC heap before
{Heap before GC invocations=4 (full 0):
 garbage-first heap   total 262144K, used 72760K [0x00000006c0000000, 0x00000006c0100800, 0x00000007c0000000)
  region size 1024K, 56 young (57344K), 2 survivors (2048K)
 Metaspace       used 21669K, capacity 22731K, committed 22860K, reserved 1069056K
  class space    used 2093K, capacity 2323K, committed 2380K, reserved 1048576K
}
Event: 5.199 GC heap after
{Heap after GC invocations=5 (full 0):
 garbage-first heap   total 262144K, used 18966K [0x00000006c0000000, 0x00000006c0100800, 0x00000007c0000000)
  region size 1024K, 4 young (4096K), 4 survivors (4096K)
 Metaspace       used 21669K, capacity 22731K, committed 22860K, reserved 1069056K
  class space    used 2093K, capacity 2323K, committed 2380K, reserved 1048576K
}

